<?xml version="1.0" encoding="UTF-8"?>
<testng-results ignored="0" total="1" passed="1" failed="0" skipped="0">
  <reporter-output>
  </reporter-output>
  <suite started-at="2023-07-06T20:31:15 IST" name="Default suite" finished-at="2023-07-06T20:33:03 IST" duration-ms="108194">
    <groups>
    </groups>
    <test started-at="2023-07-06T20:31:15 IST" name="Default test" finished-at="2023-07-06T20:33:03 IST" duration-ms="108194">
      <class name="test.mothersparshtest">
        <test-method is-config="true" signature="setUp()[pri:0, instance:test.mothersparshtest@75437611]" started-at="2023-07-06T20:31:15 IST" name="setUp" finished-at="2023-07-06T20:32:31 IST" duration-ms="75999" status="PASS">
          <reporter-output>
          </reporter-output>
        </test-method> <!-- setUp -->
        <test-method signature="test()[pri:0, instance:test.mothersparshtest@75437611]" started-at="2023-07-06T20:32:31 IST" name="test" finished-at="2023-07-06T20:33:03 IST" duration-ms="32122" status="PASS">
          <reporter-output>
          </reporter-output>
        </test-method> <!-- test -->
      </class> <!-- test.mothersparshtest -->
    </test> <!-- Default test -->
  </suite> <!-- Default suite -->
</testng-results>
